# JRE version: Java(TM) SE Runtime Environment (8.0_121-b13) (build 1.8.0_121-b13)
# Java VM: Java HotSpot(TM) Client VM (25.121-b13 mixed mode windows-x86 )
Heap:
 def new generation   total 39424K, used 10704K [0x05800000, 0x082c0000, 0x102a0000)
  eden space 35072K,  27% used [0x05800000, 0x061738b8, 0x07a40000)
  from space 4352K,  23% used [0x07e80000, 0x07f807f0, 0x082c0000)
  to   space 4352K,   0% used [0x07a40000, 0x07a40000, 0x07e80000)
 tenured generation   total 87424K, used 47334K [0x102a0000, 0x15800000, 0x25800000)
   the space 87424K,  54% used [0x102a0000, 0x130d9988, 0x130d9a00, 0x15800000)
 Metaspace       used 18975K, capacity 19440K, committed 19456K, reserved 19840K
GC Heap History (10 events):
Event: 1334.057 GC heap before
{Heap before GC invocations=25 (full 1):
 def new generation   total 39424K, used 39424K [0x05800000, 0x082c0000, 0x102a0000)
  eden space 35072K, 100% used [0x05800000, 0x07a40000, 0x07a40000)
  from space 4352K, 100% used [0x07a40000, 0x07e80000, 0x07e80000)
  to   space 4352K,   0% used [0x07e80000, 0x07e80000, 0x082c0000)
 tenured generation   total 87424K, used 42982K [0x102a0000, 0x15800000, 0x25800000)
   the space 87424K,  49% used [0x102a0000, 0x12c99b90, 0x12c99c00, 0x15800000)
 Metaspace       used 18963K, capacity 19408K, committed 19456K, reserved 19840K
Event: 1334.078 GC heap after
Heap after GC invocations=26 (full 1):
 def new generation   total 39424K, used 159K [0x05800000, 0x082c0000, 0x102a0000)
  eden space 35072K,   0% used [0x05800000, 0x05800000, 0x07a40000)
  from space 4352K,   3% used [0x07e80000, 0x07ea7c18, 0x082c0000)
  to   space 4352K,   0% used [0x07a40000, 0x07a40000, 0x07e80000)
 tenured generation   total 87424K, used 47334K [0x102a0000, 0x15800000, 0x25800000)
   the space 87424K,  54% used [0x102a0000, 0x130d9988, 0x130d9a00, 0x15800000)
 Metaspace       used 18963K, capacity 19408K, committed 19456K, reserved 19840K
}
Event: 1406.934 GC heap before
{Heap before GC invocations=26 (full 1):
 def new generation   total 39424K, used 35231K [0x05800000, 0x082c0000, 0x102a0000)
  eden space 35072K, 100% used [0x05800000, 0x07a40000, 0x07a40000)
  from space 4352K,   3% used [0x07e80000, 0x07ea7c18, 0x082c0000)
  to   space 4352K,   0% used [0x07a40000, 0x07a40000, 0x07e80000)
 tenured generation   total 87424K, used 47334K [0x102a0000, 0x15800000, 0x25800000)
   the space 87424K,  54% used [0x102a0000, 0x130d9988, 0x130d9a00, 0x15800000)
 Metaspace       used 18963K, capacity 19408K, committed 19456K, reserved 19840K
Event: 1406.943 GC heap after
Heap after GC invocations=27 (full 1):
 def new generation   total 39424K, used 325K [0x05800000, 0x082c0000, 0x102a0000)
  eden space 35072K,   0% used [0x05800000, 0x05800000, 0x07a40000)
  from space 4352K,   7% used [0x07a40000, 0x07a91458, 0x07e80000)
  to   space 4352K,   0% used [0x07e80000, 0x07e80000, 0x082c0000)
 tenured generation   total 87424K, used 47334K [0x102a0000, 0x15800000, 0x25800000)
   the space 87424K,  54% used [0x102a0000, 0x130d9988, 0x130d9a00, 0x15800000)
 Metaspace       used 18963K, capacity 19408K, committed 19456K, reserved 19840K
}
Event: 1508.745 GC heap before
{Heap before GC invocations=27 (full 1):
 def new generation   total 39424K, used 35397K [0x05800000, 0x082c0000, 0x102a0000)
  eden space 35072K, 100% used [0x05800000, 0x07a40000, 0x07a40000)
  from space 4352K,   7% used [0x07a40000, 0x07a91458, 0x07e80000)
  to   space 4352K,   0% used [0x07e80000, 0x07e80000, 0x082c0000)
 tenured generation   total 87424K, used 47334K [0x102a0000, 0x15800000, 0x25800000)
   the space 87424K,  54% used [0x102a0000, 0x130d9988, 0x130d9a00, 0x15800000)
 Metaspace       used 18963K, capacity 19408K, committed 19456K, reserved 19840K
Event: 1508.747 GC heap after
Heap after GC invocations=28 (full 1):
 def new generation   total 39424K, used 551K [0x05800000, 0x082c0000, 0x102a0000)
  eden space 35072K,   0% used [0x05800000, 0x05800000, 0x07a40000)
  from space 4352K,  12% used [0x07e80000, 0x07f09f68, 0x082c0000)
  to   space 4352K,   0% used [0x07a40000, 0x07a40000, 0x07e80000)
 tenured generation   total 87424K, used 47334K [0x102a0000, 0x15800000, 0x25800000)
   the space 87424K,  54% used [0x102a0000, 0x130d9988, 0x130d9a00, 0x15800000)
 Metaspace       used 18963K, capacity 19408K, committed 19456K, reserved 19840K
}
Event: 1611.461 GC heap before
{Heap before GC invocations=28 (full 1):
 def new generation   total 39424K, used 35623K [0x05800000, 0x082c0000, 0x102a0000)
  eden space 35072K, 100% used [0x05800000, 0x07a40000, 0x07a40000)
  from space 4352K,  12% used [0x07e80000, 0x07f09f68, 0x082c0000)
  to   space 4352K,   0% used [0x07a40000, 0x07a40000, 0x07e80000)
 tenured generation   total 87424K, used 47334K [0x102a0000, 0x15800000, 0x25800000)
   the space 87424K,  54% used [0x102a0000, 0x130d9988, 0x130d9a00, 0x15800000)
 Metaspace       used 18963K, capacity 19408K, committed 19456K, reserved 19840K
Event: 1611.469 GC heap after
Heap after GC invocations=29 (full 1):
 def new generation   total 39424K, used 782K [0x05800000, 0x082c0000, 0x102a0000)
  eden space 35072K,   0% used [0x05800000, 0x05800000, 0x07a40000)
  from space 4352K,  17% used [0x07a40000, 0x07b038f0, 0x07e80000)
  to   space 4352K,   0% used [0x07e80000, 0x07e80000, 0x082c0000)
 tenured generation   total 87424K, used 47334K [0x102a0000, 0x15800000, 0x25800000)
   the space 87424K,  54% used [0x102a0000, 0x130d9988, 0x130d9a00, 0x15800000)
 Metaspace       used 18963K, capacity 19408K, committed 19456K, reserved 19840K
}
Event: 4122.189 GC heap before
{Heap before GC invocations=29 (full 1):
 def new generation   total 39424K, used 35854K [0x05800000, 0x082c0000, 0x102a0000)
  eden space 35072K, 100% used [0x05800000, 0x07a40000, 0x07a40000)
  from space 4352K,  17% used [0x07a40000, 0x07b038f0, 0x07e80000)
  to   space 4352K,   0% used [0x07e80000, 0x07e80000, 0x082c0000)
 tenured generation   total 87424K, used 47334K [0x102a0000, 0x15800000, 0x25800000)
   the space 87424K,  54% used [0x102a0000, 0x130d9988, 0x130d9a00, 0x15800000)
 Metaspace       used 18975K, capacity 19440K, committed 19456K, reserved 19840K
Event: 4122.197 GC heap after
Heap after GC invocations=30 (full 1):
 def new generation   total 39424K, used 1025K [0x05800000, 0x082c0000, 0x102a0000)
  eden space 35072K,   0% used [0x05800000, 0x05800000, 0x07a40000)
  from space 4352K,  23% used [0x07e80000, 0x07f807f0, 0x082c0000)
  to   space 4352K,   0% used [0x07a40000, 0x07a40000, 0x07e80000)
 tenured generation   total 87424K, used 47334K [0x102a0000, 0x15800000, 0x25800000)
   the space 87424K,  54% used [0x102a0000, 0x130d9988, 0x130d9a00, 0x15800000)
 Metaspace       used 18975K, capacity 19440K, committed 19456K, reserved 19840K
}

